0 info it worked if it ends with ok
1 verbose cli [ '/opt/local/bin/node',
1 verbose cli   '/opt/local/bin/npm',
1 verbose cli   'start',
1 verbose cli   '--production' ]
2 info using npm@1.3.15
3 info using node@v0.10.22
4 error Error: ENOENT, open '/Users/davidbalderston/GitHub/Howtoinstallghost/allghostthemes/content/themes/allghostthemes/package.json'
5 error If you need help, you may report this log at:
5 error     <http://github.com/isaacs/npm/issues>
5 error or email it to:
5 error     <npm-@googlegroups.com>
6 error System Darwin 14.0.0
7 error command "/opt/local/bin/node" "/opt/local/bin/npm" "start" "--production"
8 error cwd /Users/davidbalderston/GitHub/Howtoinstallghost/allghostthemes/content/themes/allghostthemes
9 error node -v v0.10.22
10 error npm -v 1.3.15
11 error path /Users/davidbalderston/GitHub/Howtoinstallghost/allghostthemes/content/themes/allghostthemes/package.json
12 error code ENOENT
13 error errno 34
14 verbose exit [ 34, true ]
